set ucliGUI::state
set ucliGUI::state
ucliCore::getToolPID
synopsys::env hasTB
trigger_hier_stack_context_switch 0
synUtils::setDVEInitPhase 1
synopsys::dump -type VPD -file /afs/umich.edu/user/s/t/stzzzy/eecs470/group6w22/inter.vpd -locking
synopsys::dump -autoflush on -fid VPD0
set ::dve_fid VPD0
synUtils::setDVEInitPhase 0
ucliCore::getToolPID
synUtils::sendTool -active _icl_setToolSocket /tmp/smlnpY20hp2
synUtils::sendTool -active {_icl_start_rpc -version "R-2020.12-SP2-1_Full64" -sync_file /tmp/vcs_dve_rpc.stzzzy.810440}
synUtils::sendTool -active {_icl_createSharedMemory /tmp/vcs_dve_general.stzzzy.810440}
ucliGUI::vpdAddHierarchy -scope AMT_tb -depth 1 -file /afs/umich.edu/user/s/t/stzzzy/eecs470/group6w22/inter.vpd; synopsys::dump -flush VPD0
synopsys::dump -add {AMT_tb.rt_num} -aggregates  -fid VPD0
synopsys::dump -add {AMT_tb.mt_entry} -aggregates  -fid VPD0
synopsys::dump -add {AMT_tb.amt_output} -aggregates  -fid VPD0
synopsys::dump -add {AMT_tb.check_amt_output.amt_output} -aggregates  -fid VPD0
synopsys::dump -add {AMT_tb.correct} -aggregates  -fid VPD0
synopsys::dump -add {AMT_tb.check_amt_output.correct} -aggregates  -fid VPD0
ucliGUI::getSignalValues -scope AMT_tb -radix {decimal decimal decimal binary binary binary hexadecimal hexadecimal hexadecimal hexadecimal hexadecimal } -list {rt_num mt_entry phy_reg_idx clock reset rollback amt_input amt_output correct check_amt_output.amt_output check_amt_output.correct }
config endofsim noexit
config onfail enable all
config syscaddplainmembers
config syscaddsourcenames
config syscaddstructtypes
synopsys::listing -disable
ucliGUI::vpdAddHierarchy -scope AMT_tb.check_amt_output -depth 1 -file /afs/umich.edu/user/s/t/stzzzy/eecs470/group6w22/inter.vpd; synopsys::dump -flush VPD0
synopsys::dump -add {AMT_tb.check_amt_output.i} -aggregates  -fid VPD0
ucliGUI::getSignalValues -scope AMT_tb.check_amt_output -radix {symbolic } -list {{i[31:0]} }
synopsys::dump -add {AMT_tb} -scope "." -depth 1 -fid VPD0
synopsys::dump -add {_vcs_unit__3599526094 } -aggregates  -fid VPD0
synopsys::run
set ucliGUI::state
set ucliGUI::state
set ucliGUI::state
set ucliGUI::state
