Chronologic VCS simulator copyright 1991-2020
Contains Synopsys proprietary information.
Compiler version R-2020.12-SP2-1_Full64; Runtime version R-2020.12-SP2-1_Full64;  Mar 30 18:49 2022
VCD+ Writer R-2020.12-SP2-1_Full64 Copyright (c) 1991-2020 by Synopsys Inc.
The file '/afs/umich.edu/user/s/t/stzzzy/eecs470/group6w22/inter.vpd' was opened successfully.
@@@ entry:          0
@@@ amt tag      : 0
@@@ entry:          1
@@@ amt tag      : 1
@@@ correct tag, : 0
@@@ Failed
@@@ entry:          2
@@@ amt tag      : x
@@@ correct tag, : 0
@@@ Failed
@@@ entry:          3
@@@ amt tag      : x
@@@ correct tag, : 0
@@@ Failed
@@@ entry:          4
@@@ amt tag      : x
@@@ correct tag, : 0
@@@ Failed
@@@ entry:          5
@@@ amt tag      : x
@@@ correct tag, : 0
@@@ Failed
@@@ entry:          6
@@@ amt tag      : x
@@@ correct tag, : 0
@@@ Failed
@@@ entry:          7
@@@ amt tag      : x
@@@ correct tag, : 0
@@@ Failed
@@@ entry:          8
@@@ amt tag      : x
@@@ correct tag, : 0
@@@ Failed
@@@ entry:          9
@@@ amt tag      : x
@@@ correct tag, : 0
@@@ Failed
@@@ entry:         10
@@@ amt tag      : x
@@@ correct tag, : 0
@@@ Failed
@@@ entry:         11
@@@ amt tag      : x
@@@ correct tag, : 0
@@@ Failed
@@@ entry:         12
@@@ amt tag      : x
@@@ correct tag, : 0
@@@ Failed
@@@ entry:         13
@@@ amt tag      : x
@@@ correct tag, : 0
@@@ Failed
@@@ entry:         14
@@@ amt tag      : x
@@@ correct tag, : 0
@@@ Failed
@@@ entry:         15
@@@ amt tag      : x
@@@ correct tag, : 0
@@@ Failed
@@@ entry:         16
@@@ amt tag      : x
@@@ correct tag, : 0
@@@ Failed
@@@ entry:         17
@@@ amt tag      : x
@@@ correct tag, : 0
@@@ Failed
@@@ entry:         18
@@@ amt tag      : x
@@@ correct tag, : 0
@@@ Failed
@@@ entry:         19
@@@ amt tag      : x
@@@ correct tag, : 0
@@@ Failed
@@@ entry:         20
@@@ amt tag      : x
@@@ correct tag, : 0
@@@ Failed
@@@ entry:         21
@@@ amt tag      : x
@@@ correct tag, : 0
@@@ Failed
@@@ entry:         22
@@@ amt tag      : x
@@@ correct tag, : 0
@@@ Failed
@@@ entry:         23
@@@ amt tag      : x
@@@ correct tag, : 0
@@@ Failed
@@@ entry:         24
@@@ amt tag      : x
@@@ correct tag, : 0
@@@ Failed
@@@ entry:         25
@@@ amt tag      : x
@@@ correct tag, : 0
@@@ Failed
@@@ entry:         26
@@@ amt tag      : x
@@@ correct tag, : 0
@@@ Failed
@@@ entry:         27
@@@ amt tag      : x
@@@ correct tag, : 0
@@@ Failed
@@@ entry:         28
@@@ amt tag      : x
@@@ correct tag, : 0
@@@ Failed
@@@ entry:         29
@@@ amt tag      : x
@@@ correct tag, : 0
@@@ Failed
@@@ entry:         30
@@@ amt tag      : x
@@@ correct tag, : 0
@@@ Failed
@@@ entry:         31
@@@ amt tag      : x
@@@ correct tag, : 0
@@@ Failed
$finish called from file "testbench/AMT_tb.sv", line 128.
$finish at simulation time                  160
Simulation complete, time is 160.
Warning: [AD-OLDVPD] VPD file older than simulation
  The VPD file is older than the simulation.
  The results of the active drivers analysis could be inaccurate.
  If the design is changed, please regenerate VPD file.
Warning: [DVSW307] 
Could not find any driver for signal: 'AMT_tb.$unit'.
