# Preference setting overrides
gui_create_pref_key -category {Globals} -key {load_detail_for_funcov} -value_type {bool} -value {false}
gui_set_pref_value -category {Source} -key {value_annotate} -value {true}
gui_create_pref_category -category {schem_obj_name}
gui_create_pref_key -category {schem_obj_name} -key {show_cell_and_pin_with_symbol_name} -value_type {bool} -value {false}
gui_create_pref_key -category {schem_pin_hc} -key {textExtFont} -value_type {string} -value {Helvetica,10,-1,5,50,0,0,0,0,0}

# State setting overrides
gui_state_default_create -off -ini
gui_set_state_value -category Globals -key recent_sessions -value {{gui_load_session -ignore_errors -file /afs/umich.edu/user/z/t/ztguan/group6w22/session.inter.vpd.tcl -ignore_errors} {gui_load_session -ignore_errors -file /afs/umich.edu/user/z/t/ztguan/group6w22/session.inter.vpd.tcl} {gui_load_session -ignore_errors -file /afs/umich.edu/user/z/t/ztguan/group6w22/DVEfiles/session_2022-03-12T20_12_09.tcl -ignore_errors} {gui_load_session -ignore_errors -file /afs/umich.edu/user/z/t/ztguan/eecs470_projects/project3/session.inter.vpd.tcl -ignore_errors} {gui_load_session -ignore_errors -file /afs/umich.edu/user/z/t/ztguan/eecs470_projects/project3/session.inter.vpd.tcl}}
gui_set_state_value -category Layout -key child_console_size_x -value 1480
gui_set_state_value -category Layout -key child_console_size_y -value 155
gui_set_state_value -category Layout -key child_data_coltype -value 101
gui_set_state_value -category Layout -key child_data_colvalue -value 103
gui_set_state_value -category Layout -key child_data_colvariable -value 196
gui_set_state_value -category Layout -key child_data_size_x -value 300
gui_set_state_value -category Layout -key child_data_size_y -value 488
gui_set_state_value -category Layout -key child_driver_size_x -value 1213
gui_set_state_value -category Layout -key child_driver_size_y -value 179
gui_set_state_value -category Layout -key child_hier_col3 -value {-1}
gui_set_state_value -category Layout -key child_hier_colhier -value 193
gui_set_state_value -category Layout -key child_hier_colpd -value 0
gui_set_state_value -category Layout -key child_hier_coltype -value 83
gui_set_state_value -category Layout -key child_hier_size_x -value 190
gui_set_state_value -category Layout -key child_hier_size_y -value 488
gui_set_state_value -category Layout -key child_schematic_docknewline -value false
gui_set_state_value -category Layout -key child_schematic_pos_x -value {-2}
gui_set_state_value -category Layout -key child_schematic_pos_y -value {-15}
gui_set_state_value -category Layout -key child_schematic_size_x -value 1048
gui_set_state_value -category Layout -key child_schematic_size_y -value 594
gui_set_state_value -category Layout -key child_source_docknewline -value false
gui_set_state_value -category Layout -key child_source_pos_x -value {-2}
gui_set_state_value -category Layout -key child_source_pos_y -value {-15}
gui_set_state_value -category Layout -key child_source_size_x -value 993
gui_set_state_value -category Layout -key child_source_size_y -value 483
gui_set_state_value -category Layout -key child_watch_size_x -value 1139
gui_set_state_value -category Layout -key child_watch_size_y -value 177
gui_set_state_value -category Layout -key child_wave_colname -value 221
gui_set_state_value -category Layout -key child_wave_colvalue -value 276
gui_set_state_value -category Layout -key child_wave_left -value 501
gui_set_state_value -category Layout -key child_wave_right -value 1221
gui_set_state_value -category Layout -key main_pos_x -value 149
gui_set_state_value -category Layout -key main_pos_y -value 210
gui_set_state_value -category Layout -key main_size_x -value 1629
gui_set_state_value -category Layout -key main_size_y -value 952
gui_set_state_value -category Layout -key stand_source_child_docknewline -value false
gui_set_state_value -category Layout -key stand_source_child_pos_x -value {-2}
gui_set_state_value -category Layout -key stand_source_child_pos_y -value {-15}
gui_set_state_value -category Layout -key stand_source_child_size_x -value 1046
gui_set_state_value -category Layout -key stand_source_child_size_y -value 593
gui_set_state_value -category Layout -key stand_wave_child_docknewline -value false
gui_set_state_value -category Layout -key stand_wave_child_pos_x -value {-2}
gui_set_state_value -category Layout -key stand_wave_child_pos_y -value {-15}
gui_set_state_value -category Layout -key stand_wave_child_size_x -value 1732
gui_set_state_value -category Layout -key stand_wave_child_size_y -value 803
gui_set_state_value -category Layout -key stand_wave_top_pos_x -value 1
gui_set_state_value -category Layout -key stand_wave_top_pos_y -value 112
gui_set_state_value -category Layout -key stand_wave_top_size_x -value 1728
gui_set_state_value -category Layout -key stand_wave_top_size_y -value 1019
gui_create_state_key -category FindDialog -key m_pMatchCase -value_type bool -value false
gui_create_state_key -category FindDialog -key m_pMatchWord -value_type bool -value false
gui_create_state_key -category FindDialog -key m_pUseCombo -value_type string -value {}
gui_create_state_key -category FindDialog -key m_pWrapAround -value_type bool -value true
gui_create_state_key -category Widget_History -key TopLevel.1|qt_left_dock|DockWnd2|DLPane.1|pages|Data.1|hbox|textfilter -value_type string -value {cod is_ready_cod is_ready is_pe_valid}
gui_create_state_key -category Widget_History -key TopLevel.1|qt_left_dock|DockWnd4|DLPane.1|pages|Data.1|hbox|textfilter -value_type string -value {rst_i rst4_i is_ready_cod}
gui_create_state_key -category Widget_History -key TopLevel.2|EkTopVbox|wndWorkspace|qt_workspacechild2|Wave.1|left|filterVBox|controlHBox|unnamed -value_type string -value {id_stall_en illegal}
gui_create_state_key -category Widget_History -key TopLevel.2|EkTopVbox|wndWorkspace|qt_workspacechild3|Wave.1|left|filterVBox|controlHBox|unnamed -value_type string -value rs_ib_o
gui_state_default_create -off

# Begin command logging
gui_set_pref_value -category {Globals} -key {smart_resize} -value {false}
gui_set_pref_value -category {Globals} -key {smart_resize} -value {true}
gui_sim_run Ucli -exe ./simv -args {-ucligui  } -dir .
gui_list_expand -id  Hier.1   IB_tb
gui_list_expand -id  Hier.1   IB_tb.dut
gui_list_select -id Hier.1 -current_item_name IB_tb.dut.IB_LOAD_inst -current_item_type Scope  -selected  { IB_tb.dut.IB_LOAD_inst   }
gui_list_expand -id  Hier.1   IB_tb.dut.IB_LOAD_inst
gui_list_select -id Hier.1 -current_item_name IB_tb.dut.IB_LOAD_inst.IB_LOAD_push_in_router_inst -current_item_type Scope  -selected  { IB_tb.dut.IB_LOAD_inst.IB_LOAD_push_in_router_inst   }
gui_list_select -id Hier.1 -current_item_name IB_tb.dut.IB_LOAD_inst.IB_LOAD_queue_inst -current_item_type Scope  -selected  { IB_tb.dut.IB_LOAD_inst.IB_LOAD_queue_inst   }
gui_open_window Wave
gui_list_add -id Wave.1 -from Hier.1 { IB_tb.dut.IB_LOAD_inst.IB_LOAD_queue_inst } -insertionbar
gui_sim_continue  
gui_marker_move -id  Wave.1 C1 809
gui_marker_select -id  Wave.1 { C1 }
gui_marker_move -id  Wave.1 C1 810
gui_marker_move -id  Wave.1 C1 816
gui_get_drivers -id Wave.1 -signal IB_tb.dut.IB_LOAD_inst.IB_LOAD_queue_inst.clk_i
gui_marker_move -id  Wave.1 C1 815
gui_list_select -id Wave.1 -selected  { {IB_tb.dut.IB_LOAD_inst.IB_LOAD_queue_inst.tail[4:0]}   }
gui_list_action -id  Wave.1 {IB_tb.dut.IB_LOAD_inst.IB_LOAD_queue_inst.tail[4:0]}
gui_get_drivers -id Wave.1 -signal {IB_tb.dut.IB_LOAD_inst.IB_LOAD_queue_inst.tail[4:0]}
gui_list_select -id Wave.1 -selected  { {IB_tb.dut.IB_LOAD_inst.IB_LOAD_queue_inst.tail_mon_o[4:0]}   }
gui_list_select -id Wave.1 -selected  { {IB_tb.dut.IB_LOAD_inst.IB_LOAD_queue_inst.tail[4:0]}   }
gui_list_set_selected_property -id Wave.1 -radix decimal
gui_list_select -id Wave.1 -selected  { {IB_tb.dut.IB_LOAD_inst.IB_LOAD_queue_inst.head[4:0]}   }
gui_list_move  -id  Wave.1    -sid  Wave.1   -after {IB_tb.dut.IB_LOAD_inst.IB_LOAD_queue_inst.squash_flag[0:0]} {{IB_tb.dut.IB_LOAD_inst.IB_LOAD_queue_inst.head[4:0]}} 
gui_list_set_selected_property -id Wave.1 -radix decimal
gui_list_select -id Wave.1 -selected  { {IB_tb.dut.IB_LOAD_inst.IB_LOAD_queue_inst.data_num[5:0]}   }
gui_list_select -id Wave.1 -selected  { {IB_tb.dut.IB_LOAD_inst.IB_LOAD_queue_inst.empty_num[5:0]}   }
gui_list_set_selected_property -id Wave.1 -radix decimal
gui_list_move  -id  Wave.1    -sid  Wave.1   -after {IB_tb.dut.IB_LOAD_inst.IB_LOAD_queue_inst.squash_flag[0:0]} {{IB_tb.dut.IB_LOAD_inst.IB_LOAD_queue_inst.empty_num[5:0]}} 
gui_wv_scroll_hslidermove -id  Wave.1 722
gui_list_expand -id  Wave.1   {IB_tb.dut.IB_LOAD_inst.IB_LOAD_queue_inst.empty_num[5:0]}
gui_list_collapse -id  Wave.1   {IB_tb.dut.IB_LOAD_inst.IB_LOAD_queue_inst.empty_num[5:0]}
gui_list_select -id Wave.1 -selected  { {IB_tb.dut.IB_LOAD_inst.IB_LOAD_queue_inst.tail[4:0]}   }
gui_list_select -id Wave.1 -selected  { {IB_tb.dut.IB_LOAD_inst.IB_LOAD_queue_inst.head[4:0]}   }
gui_list_select -id Wave.1 -selected  { {IB_tb.dut.IB_LOAD_inst.IB_LOAD_queue_inst.tail[4:0]}   }
gui_list_select -id Wave.1 -selected  { IB_tb.dut.IB_LOAD_inst.IB_LOAD_queue_inst.tail_rollover   }
gui_list_select -id Wave.1 -selected  { IB_tb.dut.IB_LOAD_inst.IB_LOAD_queue_inst.head_rollover   }
gui_list_move  -id  Wave.1    -sid  Wave.1   -after IB_tb.dut.IB_LOAD_inst.IB_LOAD_queue_inst.tail_rollover {{IB_tb.dut.IB_LOAD_inst.IB_LOAD_queue_inst.head_rollover}} 
gui_list_select -id Wave.1 -selected  { {IB_tb.dut.IB_LOAD_inst.IB_LOAD_queue_inst.tail_mon_o[4:0]}   }
gui_list_move  -id  Wave.1    -sid  Wave.1   -after IB_tb.dut.IB_LOAD_inst.IB_LOAD_queue_inst.head_rollover {{IB_tb.dut.IB_LOAD_inst.IB_LOAD_queue_inst.tail_mon_o[4:0]}} 
gui_list_select -id Wave.1 -selected  { IB_tb.dut.IB_LOAD_inst.IB_LOAD_queue_inst.tail_rollover   }
gui_list_select -id Wave.1 -selected  { {IB_tb.dut.IB_LOAD_inst.IB_LOAD_queue_inst.tail[4:0]}   }
gui_list_select -id Wave.1 -selected  { IB_tb.dut.IB_LOAD_inst.IB_LOAD_queue_inst.tail_rollover   }
gui_list_select -id Wave.1 -selected  { IB_tb.dut.IB_LOAD_inst.IB_LOAD_queue_inst.head_rollover   }
gui_list_move  -id  Wave.1    -sid  Wave.1   -after {IB_tb.dut.IB_LOAD_inst.IB_LOAD_queue_inst.tail[4:0]} {{IB_tb.dut.IB_LOAD_inst.IB_LOAD_queue_inst.head_rollover}} 
gui_list_select -id Wave.1 -selected  { IB_tb.dut.IB_LOAD_inst.IB_LOAD_queue_inst.tail_rollover   }
gui_list_select -id Wave.1 -selected  { {IB_tb.dut.IB_LOAD_inst.IB_LOAD_queue_inst.tail[4:0]}   }
gui_list_select -id Wave.1 -selected  { IB_tb.dut.IB_LOAD_inst.IB_LOAD_queue_inst.tail_rollover   }
gui_close_window -window TopLevel.2
